-------------------------------------------------------------------------------
Test set: com.lks.PersonalPortfolioTrackerApplicationTests
-------------------------------------------------------------------------------
Tests run: 6, Failures: 1, Errors: 0, Skipped: 0, Time elapsed: 48.873 sec <<< FAILURE! - in com.lks.PersonalPortfolioTrackerApplicationTests
testSendEmail on testSendEmail(com.lks.PersonalPortfolioTrackerApplicationTests)(com.lks.PersonalPortfolioTrackerApplicationTests)  Time elapsed: 21.436 sec  <<< FAILURE!
java.lang.RuntimeException: javax.mail.MessagingException: Could not connect to SMTP host: smtp.gmail.com, port: 587;
  nested exception is:
	java.net.ConnectException: Connection timed out: connect
	at java.net.DualStackPlainSocketImpl.connect0(Native Method)
	at java.net.DualStackPlainSocketImpl.socketConnect(DualStackPlainSocketImpl.java:79)
	at java.net.AbstractPlainSocketImpl.doConnect(AbstractPlainSocketImpl.java:350)
	at java.net.AbstractPlainSocketImpl.connectToAddress(AbstractPlainSocketImpl.java:206)
	at java.net.AbstractPlainSocketImpl.connect(AbstractPlainSocketImpl.java:188)
	at java.net.PlainSocketImpl.connect(PlainSocketImpl.java:172)
	at java.net.SocksSocketImpl.connect(SocksSocketImpl.java:392)
	at java.net.Socket.connect(Socket.java:589)
	at java.net.Socket.connect(Socket.java:538)
	at com.sun.mail.util.SocketFetcher.createSocket(SocketFetcher.java:321)
	at com.sun.mail.util.SocketFetcher.getSocket(SocketFetcher.java:237)
	at com.sun.mail.smtp.SMTPTransport.openServer(SMTPTransport.java:1927)
	at com.sun.mail.smtp.SMTPTransport.protocolConnect(SMTPTransport.java:654)
	at javax.mail.Service.connect(Service.java:317)
	at javax.mail.Service.connect(Service.java:176)
	at javax.mail.Service.connect(Service.java:125)
	at javax.mail.Transport.send0(Transport.java:194)
	at javax.mail.Transport.send(Transport.java:124)
	at com.lks.notifications.EmailNotification.generateAndSendEmail(EmailNotification.java:101)
	at com.lks.PersonalPortfolioTrackerApplicationTests.testSendEmail(PersonalPortfolioTrackerApplicationTests.java:68)

