<?xml version="1.0" encoding="UTF-8"?>
<testsuite name="com.lks.PersonalPortfolioTrackerApplicationTests" time="26.878" tests="6" errors="0" skipped="0" failures="1">
  <properties>
[...]
</properties>
  <testcase name="testPortfolioGeneration on testPortfolioGeneration(com.lks.PersonalPortfolioTrackerApplicationTests)" classname="com.lks.PersonalPortfolioTrackerApplicationTests" time="2.599"/>
  <testcase name="testSendEmail on testSendEmail(com.lks.PersonalPortfolioTrackerApplicationTests)" classname="com.lks.PersonalPortfolioTrackerApplicationTests" time="21.436">
    <failure message="javax.mail.MessagingException: Could not connect to SMTP host: smtp.gmail.com, port: 587;&#10;  nested exception is:&#10;	java.net.ConnectException: Connection timed out: connect" type="java.lang.RuntimeException">java.lang.RuntimeException: javax.mail.MessagingException: Could not connect to SMTP host: smtp.gmail.com, port: 587;
  nested exception is:
	java.net.ConnectException: Connection timed out: connect
	at java.net.DualStackPlainSocketImpl.connect0(Native Method)
	at java.net.DualStackPlainSocketImpl.socketConnect(DualStackPlainSocketImpl.java:79)
	at java.net.AbstractPlainSocketImpl.doConnect(AbstractPlainSocketImpl.java:350)
	at java.net.AbstractPlainSocketImpl.connectToAddress(AbstractPlainSocketImpl.java:206)
	at java.net.AbstractPlainSocketImpl.connect(AbstractPlainSocketImpl.java:188)
	at java.net.PlainSocketImpl.connect(PlainSocketImpl.java:172)
	at java.net.SocksSocketImpl.connect(SocksSocketImpl.java:392)
	at java.net.Socket.connect(Socket.java:589)
	at java.net.Socket.connect(Socket.java:538)
	at com.sun.mail.util.SocketFetcher.createSocket(SocketFetcher.java:321)
	at com.sun.mail.util.SocketFetcher.getSocket(SocketFetcher.java:237)
	at com.sun.mail.smtp.SMTPTransport.openServer(SMTPTransport.java:1927)
	at com.sun.mail.smtp.SMTPTransport.protocolConnect(SMTPTransport.java:654)
	at javax.mail.Service.connect(Service.java:317)
	at javax.mail.Service.connect(Service.java:176)
	at javax.mail.Service.connect(Service.java:125)
	at javax.mail.Transport.send0(Transport.java:194)
	at javax.mail.Transport.send(Transport.java:124)
	at com.lks.notifications.EmailNotification.generateAndSendEmail(EmailNotification.java:101)
	at com.lks.PersonalPortfolioTrackerApplicationTests.testSendEmail(PersonalPortfolioTrackerApplicationTests.java:68)
</failure>
    <system-out><![CDATA[Hibernate: select user0_.id as id1_2_, user0_.email as email2_2_, user0_.first_name as first_na3_2_, user0_.last_name as last_nam4_2_, user0_.phone_number as phone_nu5_2_ from user user0_
2016-07-25 17:55:40.925  INFO 59092 --- [           main] com.lks.generator.PortfolioGenerator     : Retrieved all the users from the database
Hibernate: select equities0_.id as id1_0_, equities0_.face_value as face_val2_0_, equities0_.isin_number as isin_num3_0_, equities0_.market_lot as market_l4_0_, equities0_.name_of_company as name_of_5_0_, equities0_.paid_up_value as paid_up_6_0_, equities0_.series as series7_0_, equities0_.symbol as symbol8_0_ from equities equities0_
2016-07-25 17:55:40.960  INFO 59092 --- [           main] com.lks.generator.PortfolioGenerator     : Retrieving investments for the user : shreyaslokkur@gmail.com
Hibernate: select investment0_.id as id1_1_, investment0_.investment_price as investme2_1_, investment0_.isin_number as isin_num3_1_, investment0_.purchase_date as purchase4_1_, investment0_.quantity as quantity5_1_, investment0_.stock_name as stock_na6_1_, investment0_.stock_symbol as stock_sy7_1_, investment0_.user_id as user_id8_1_ from investments investment0_ where investment0_.user_id=?
2016-07-25 17:55:40.963  INFO 59092 --- [           main] com.lks.generator.PortfolioGenerator     : Number of investments retrieved for the user: shreyaslokkur@gmail.com is :1
2016-07-25 17:55:40.963  INFO 59092 --- [           main] com.lks.generator.PortfolioGenerator     : Creating portfolio model for the isin number :INE021A01026 for the user: shreyaslokkur@gmail.com
2016-07-25 17:55:40.964  INFO 59092 --- [           main] com.lks.generator.PortfolioGenerator     : Retrieving investments for the user : jayanths29@gmail.com 
Hibernate: select investment0_.id as id1_1_, investment0_.investment_price as investme2_1_, investment0_.isin_number as isin_num3_1_, investment0_.purchase_date as purchase4_1_, investment0_.quantity as quantity5_1_, investment0_.stock_name as stock_na6_1_, investment0_.stock_symbol as stock_sy7_1_, investment0_.user_id as user_id8_1_ from investments investment0_ where investment0_.user_id=?
2016-07-25 17:55:40.967  INFO 59092 --- [           main] com.lks.generator.PortfolioGenerator     : Number of investments retrieved for the user: jayanths29@gmail.com  is :6
2016-07-25 17:55:40.967  INFO 59092 --- [           main] com.lks.generator.PortfolioGenerator     : Creating portfolio model for the isin number :INE018A01030 for the user: jayanths29@gmail.com 
2016-07-25 17:55:40.967  INFO 59092 --- [           main] com.lks.generator.PortfolioGenerator     : Creating portfolio model for the isin number :INE081A01012 for the user: jayanths29@gmail.com 
2016-07-25 17:55:40.968  INFO 59092 --- [           main] com.lks.generator.PortfolioGenerator     : Creating portfolio model for the isin number :INE062A01020 for the user: jayanths29@gmail.com 
2016-07-25 17:55:40.968  INFO 59092 --- [           main] com.lks.generator.PortfolioGenerator     : Creating portfolio model for the isin number :INE257A01026 for the user: jayanths29@gmail.com 
2016-07-25 17:55:40.968  INFO 59092 --- [           main] com.lks.generator.PortfolioGenerator     : Creating portfolio model for the isin number :INE280A01028 for the user: jayanths29@gmail.com 
2016-07-25 17:55:40.969  INFO 59092 --- [           main] com.lks.generator.PortfolioGenerator     : Creating portfolio model for the isin number :INF732E01102 for the user: jayanths29@gmail.com 
]]></system-out>
  </testcase>
  <testcase name="testCSVScraping on testCSVScraping(com.lks.PersonalPortfolioTrackerApplicationTests)" classname="com.lks.PersonalPortfolioTrackerApplicationTests" time="1.865"/>
  <testcase name="testSendSMS on testSendSMS(com.lks.PersonalPortfolioTrackerApplicationTests)" classname="com.lks.PersonalPortfolioTrackerApplicationTests" time="0.938"/>
  <testcase name="testCSVParsing on testCSVParsing(com.lks.PersonalPortfolioTrackerApplicationTests)" classname="com.lks.PersonalPortfolioTrackerApplicationTests" time="0.005"/>
  <testcase name="textExcelGeneration on textExcelGeneration(com.lks.PersonalPortfolioTrackerApplicationTests)" classname="com.lks.PersonalPortfolioTrackerApplicationTests" time="0.035"/>
</testsuite>